app/build/outputs/logs/manifest-merger-debug-report.txt
-- Merging decision tree log ---
manifest
ADDED from src\main\AndroidManifest.xml:2:1-151:12
	xmlns:android
		ADDED from src\main\AndroidManifest.xml:2:11-69
	package
		ADDED from src\main\AndroidManifest.xml:3:5-29
		INJECTED from src\main\AndroidManifest.xml
		INJECTED from src\main\AndroidManifest.xml
	android:versionName
		ADDED from src\main\AndroidManifest.xml:5:5-30
		INJECTED from src\main\AndroidManifest.xml
		INJECTED from src\main\AndroidManifest.xml
	android:versionCode
		ADDED from src\main\AndroidManifest.xml:4:5-28
		INJECTED from src\main\AndroidManifest.xml
		INJECTED from src\main\AndroidManifest.xml
uses-sdk
ADDED from src\main\AndroidManifest.xml:7:5-9:41
MERGED from [com.android.support:cardview-v7:23.1.1] AndroidManifest.xml:20:5-43
MERGED from [com.android.support:recyclerview-v7:23.1.1] AndroidManifest.xml:20:5-43
MERGED from [com.android.support:support-v4:23.1.1] AndroidManifest.xml:20:5-43
MERGED from [com.android.support:palette-v7:23.1.1] AndroidManifest.xml:20:5-43
MERGED from [com.android.support:support-v4:23.1.1] AndroidManifest.xml:20:5-43
MERGED from [com.google.android.gms:play-services:8.1.0] AndroidManifest.xml:18:5-42
MERGED from [com.google.android.gms:play-services-ads:8.1.0] AndroidManifest.xml:23:5-42
MERGED from [com.google.android.gms:play-services-basement:8.1.0] AndroidManifest.xml:18:5-42
MERGED from [com.android.support:support-v4:23.1.1] AndroidManifest.xml:20:5-43
MERGED from [com.google.android.gms:play-services-appindexing:8.1.0] AndroidManifest.xml:18:5-42
MERGED from [com.google.android.gms:play-services-basement:8.1.0] AndroidManifest.xml:18:5-42
MERGED from [com.android.support:support-v4:23.1.1] AndroidManifest.xml:20:5-43
MERGED from [com.google.android.gms:play-services-analytics:8.1.0] AndroidManifest.xml:18:5-42
MERGED from [com.google.android.gms:play-services-basement:8.1.0] AndroidManifest.xml:18:5-42
MERGED from [com.android.support:support-v4:23.1.1] AndroidManifest.xml:20:5-43
MERGED from [com.google.android.gms:play-services-ads:8.1.0] AndroidManifest.xml:23:5-42
MERGED from [com.google.android.gms:play-services-basement:8.1.0] AndroidManifest.xml:18:5-42
MERGED from [com.android.support:support-v4:23.1.1] AndroidManifest.xml:20:5-43
MERGED from [com.google.android.gms:play-services-appindexing:8.1.0] AndroidManifest.xml:18:5-42
MERGED from [com.google.android.gms:play-services-basement:8.1.0] AndroidManifest.xml:18:5-42
MERGED from [com.android.support:support-v4:23.1.1] AndroidManifest.xml:20:5-43
MERGED from [com.google.android.gms:play-services-appindexing:8.1.0] AndroidManifest.xml:18:5-42
MERGED from [com.google.android.gms:play-services-basement:8.1.0] AndroidManifest.xml:18:5-42
MERGED from [com.android.support:support-v4:23.1.1] AndroidManifest.xml:20:5-43
MERGED from [com.google.android.gms:play-services-appinvite:8.1.0] AndroidManifest.xml:18:5-42
MERGED from [com.google.android.gms:play-services-base:8.1.0] AndroidManifest.xml:18:5-42
MERGED from [com.google.android.gms:play-services-basement:8.1.0] AndroidManifest.xml:18:5-42
MERGED from [com.android.support:support-v4:23.1.1] AndroidManifest.xml:20:5-43
MERGED from [com.google.android.gms:play-services-appstate:8.1.0] AndroidManifest.xml:18:5-42
MERGED from [com.google.android.gms:play-services-base:8.1.0] AndroidManifest.xml:18:5-42
MERGED from [com.google.android.gms:play-services-basement:8.1.0] AndroidManifest.xml:18:5-42
MERGED from [com.android.support:support-v4:23.1.1] AndroidManifest.xml:20:5-43
MERGED from [com.google.android.gms:play-services-base:8.1.0] AndroidManifest.xml:18:5-42
MERGED from [com.google.android.gms:play-services-basement:8.1.0] AndroidManifest.xml:18:5-42
MERGED from [com.android.support:support-v4:23.1.1] AndroidManifest.xml:20:5-43
MERGED from [com.google.android.gms:play-services-basement:8.1.0] AndroidManifest.xml:18:5-42
MERGED from [com.android.support:support-v4:23.1.1] AndroidManifest.xml:20:5-43
MERGED from [com.google.android.gms:play-services-cast:8.1.0] AndroidManifest.xml:18:5-42
MERGED from [com.google.android.gms:play-services-base:8.1.0] AndroidManifest.xml:18:5-42
MERGED from [com.google.android.gms:play-services-basement:8.1.0] AndroidManifest.xml:18:5-42
MERGED from [com.android.support:support-v4:23.1.1] AndroidManifest.xml:20:5-43
MERGED from [com.android.support:mediarouter-v7:22.2.0] AndroidManifest.xml:20:5-43
MERGED from [com.android.support:appcompat-v7:22.2.0] AndroidManifest.xml:20:5-43
MERGED from [com.android.support:support-v4:23.1.1] AndroidManifest.xml:20:5-43
MERGED from [com.google.android.gms:play-services-drive:8.1.0] AndroidManifest.xml:18:5-42
MERGED from [com.google.android.gms:play-services-base:8.1.0] AndroidManifest.xml:18:5-42
MERGED from [com.google.android.gms:play-services-basement:8.1.0] AndroidManifest.xml:18:5-42
MERGED from [com.android.support:support-v4:23.1.1] AndroidManifest.xml:20:5-43
MERGED from [com.google.android.gms:play-services-fitness:8.1.0] AndroidManifest.xml:18:5-42
MERGED from [com.google.android.gms:play-services-base:8.1.0] AndroidManifest.xml:18:5-42
MERGED from [com.google.android.gms:play-services-basement:8.1.0] AndroidManifest.xml:18:5-42
MERGED from [com.android.support:support-v4:23.1.1] AndroidManifest.xml:20:5-43
MERGED from [com.google.android.gms:play-services-location:8.1.0] AndroidManifest.xml:18:5-42
MERGED from [com.google.android.gms:play-services-base:8.1.0] AndroidManifest.xml:18:5-42
MERGED from [com.google.android.gms:play-services-basement:8.1.0] AndroidManifest.xml:18:5-42
MERGED from [com.android.support:support-v4:23.1.1] AndroidManifest.xml:20:5-43
MERGED from [com.google.android.gms:play-services-maps:8.1.0] AndroidManifest.xml:27:5-42
MERGED from [com.google.android.gms:play-services-base:8.1.0] AndroidManifest.xml:18:5-42
MERGED from [com.google.android.gms:play-services-basement:8.1.0] AndroidManifest.xml:18:5-42
MERGED from [com.android.support:support-v4:23.1.1] AndroidManifest.xml:20:5-43
MERGED from [com.google.android.gms:play-services-games:8.1.0] AndroidManifest.xml:18:5-42
MERGED from [com.google.android.gms:play-services-base:8.1.0] AndroidManifest.xml:18:5-42
MERGED from [com.google.android.gms:play-services-basement:8.1.0] AndroidManifest.xml:18:5-42
MERGED from [com.android.support:support-v4:23.1.1] AndroidManifest.xml:20:5-43
MERGED from [com.google.android.gms:play-services-drive:8.1.0] AndroidManifest.xml:18:5-42
MERGED from [com.google.android.gms:play-services-base:8.1.0] AndroidManifest.xml:18:5-42
MERGED from [com.google.android.gms:play-services-basement:8.1.0] AndroidManifest.xml:18:5-42
MERGED from [com.android.support:support-v4:23.1.1] AndroidManifest.xml:20:5-43
MERGED from [com.google.android.gms:play-services-gcm:8.1.0] AndroidManifest.xml:18:5-42
MERGED from [com.google.android.gms:play-services-base:8.1.0] AndroidManifest.xml:18:5-42
MERGED from [com.google.android.gms:play-services-basement:8.1.0] AndroidManifest.xml:18:5-42
MERGED from [com.android.support:support-v4:23.1.1] AndroidManifest.xml:20:5-43
MERGED from [com.google.android.gms:play-services-identity:8.1.0] AndroidManifest.xml:18:5-42
MERGED from [com.google.android.gms:play-services-base:8.1.0] AndroidManifest.xml:18:5-42
MERGED from [com.google.android.gms:play-services-basement:8.1.0] AndroidManifest.xml:18:5-42
MERGED from [com.android.support:support-v4:23.1.1] AndroidManifest.xml:20:5-43
MERGED from [com.google.android.gms:play-services-location:8.1.0] AndroidManifest.xml:18:5-42
MERGED from [com.google.android.gms:play-services-base:8.1.0] AndroidManifest.xml:18:5-42
MERGED from [com.google.android.gms:play-services-basement:8.1.0] AndroidManifest.xml:18:5-42
MERGED from [com.android.support:support-v4:23.1.1] AndroidManifest.xml:20:5-43
MERGED from [com.google.android.gms:play-services-maps:8.1.0] AndroidManifest.xml:27:5-42
MERGED from [com.google.android.gms:play-services-base:8.1.0] AndroidManifest.xml:18:5-42
MERGED from [com.google.android.gms:play-services-basement:8.1.0] AndroidManifest.xml:18:5-42
MERGED from [com.android.support:support-v4:23.1.1] AndroidManifest.xml:20:5-43
MERGED from [com.google.android.gms:play-services-maps:8.1.0] AndroidManifest.xml:27:5-42
MERGED from [com.google.android.gms:play-services-base:8.1.0] AndroidManifest.xml:18:5-42
MERGED from [com.google.android.gms:play-services-basement:8.1.0] AndroidManifest.xml:18:5-42
MERGED from [com.android.support:support-v4:23.1.1] AndroidManifest.xml:20:5-43
MERGED from [com.google.android.gms:play-services-measurement:8.1.0] AndroidManifest.xml:18:5-42
MERGED from [com.google.android.gms:play-services-base:8.1.0] AndroidManifest.xml:18:5-42
MERGED from [com.google.android.gms:play-services-basement:8.1.0] AndroidManifest.xml:18:5-42
MERGED from [com.android.support:support-v4:23.1.1] AndroidManifest.xml:20:5-43
MERGED from [com.google.android.gms:play-services-analytics:8.1.0] AndroidManifest.xml:18:5-42
MERGED from [com.google.android.gms:play-services-basement:8.1.0] AndroidManifest.xml:18:5-42
MERGED from [com.android.support:support-v4:23.1.1] AndroidManifest.xml:20:5-43
MERGED from [com.google.android.gms:play-services-ads:8.1.0] AndroidManifest.xml:23:5-42
MERGED from [com.google.android.gms:play-services-basement:8.1.0] AndroidManifest.xml:18:5-42
MERGED from [com.android.support:support-v4:23.1.1] AndroidManifest.xml:20:5-43
MERGED from [com.google.android.gms:play-services-appindexing:8.1.0] AndroidManifest.xml:18:5-42
MERGED from [com.google.android.gms:play-services-basement:8.1.0] AndroidManifest.xml:18:5-42
MERGED from [com.android.support:support-v4:23.1.1] AndroidManifest.xml:20:5-43
MERGED from [com.google.android.gms:play-services-nearby:8.1.0] AndroidManifest.xml:18:5-42
MERGED from [com.google.android.gms:play-services-base:8.1.0] AndroidManifest.xml:18:5-42
MERGED from [com.google.android.gms:play-services-basement:8.1.0] AndroidManifest.xml:18:5-42
MERGED from [com.android.support:support-v4:23.1.1] AndroidManifest.xml:20:5-43
MERGED from [com.google.android.gms:play-services-panorama:8.1.0] AndroidManifest.xml:18:5-42
MERGED from [com.google.android.gms:play-services-base:8.1.0] AndroidManifest.xml:18:5-42
MERGED from [com.google.android.gms:play-services-basement:8.1.0] AndroidManifest.xml:18:5-42
MERGED from [com.android.support:support-v4:23.1.1] AndroidManifest.xml:20:5-43
MERGED from [com.google.android.gms:play-services-plus:8.1.0] AndroidManifest.xml:18:5-42
MERGED from [com.google.android.gms:play-services-base:8.1.0] AndroidManifest.xml:18:5-42
MERGED from [com.google.android.gms:play-services-basement:8.1.0] AndroidManifest.xml:18:5-42
MERGED from [com.android.support:support-v4:23.1.1] AndroidManifest.xml:20:5-43
MERGED from [com.google.android.gms:play-services-safetynet:8.1.0] AndroidManifest.xml:18:5-42
MERGED from [com.google.android.gms:play-services-base:8.1.0] AndroidManifest.xml:18:5-42
MERGED from [com.google.android.gms:play-services-basement:8.1.0] AndroidManifest.xml:18:5-42
MERGED from [com.android.support:support-v4:23.1.1] AndroidManifest.xml:20:5-43
MERGED from [com.google.android.gms:play-services-vision:8.1.0] AndroidManifest.xml:4:5-42
MERGED from [com.google.android.gms:play-services-base:8.1.0] AndroidManifest.xml:18:5-42
MERGED from [com.google.android.gms:play-services-basement:8.1.0] AndroidManifest.xml:18:5-42
MERGED from [com.android.support:support-v4:23.1.1] AndroidManifest.xml:20:5-43
MERGED from [com.google.android.gms:play-services-wallet:8.1.0] AndroidManifest.xml:19:5-42
MERGED from [com.google.android.gms:play-services-base:8.1.0] AndroidManifest.xml:18:5-42
MERGED from [com.google.android.gms:play-services-basement:8.1.0] AndroidManifest.xml:18:5-42
MERGED from [com.android.support:support-v4:23.1.1] AndroidManifest.xml:20:5-43
MERGED from [com.google.android.gms:play-services-identity:8.1.0] AndroidManifest.xml:18:5-42
MERGED from [com.google.android.gms:play-services-base:8.1.0] AndroidManifest.xml:18:5-42
MERGED from [com.google.android.gms:play-services-basement:8.1.0] AndroidManifest.xml:18:5-42
MERGED from [com.android.support:support-v4:23.1.1] AndroidManifest.xml:20:5-43
MERGED from [com.google.android.gms:play-services-maps:8.1.0] AndroidManifest.xml:27:5-42
MERGED from [com.google.android.gms:play-services-base:8.1.0] AndroidManifest.xml:18:5-42
MERGED from [com.google.android.gms:play-services-basement:8.1.0] AndroidManifest.xml:18:5-42
MERGED from [com.android.support:support-v4:23.1.1] AndroidManifest.xml:20:5-43
MERGED from [com.google.android.gms:play-services-wearable:8.1.0] AndroidManifest.xml:18:5-42
MERGED from [com.google.android.gms:play-services-base:8.1.0] AndroidManifest.xml:18:5-42
MERGED from [com.google.android.gms:play-services-basement:8.1.0] AndroidManifest.xml:18:5-42
MERGED from [com.android.support:support-v4:23.1.1] AndroidManifest.xml:20:5-43
MERGED from [com.google.android.gms:play-services-measurement:8.1.0] AndroidManifest.xml:18:5-42
MERGED from [com.google.android.gms:play-services-base:8.1.0] AndroidManifest.xml:18:5-42
MERGED from [com.google.android.gms:play-services-basement:8.1.0] AndroidManifest.xml:18:5-42
MERGED from [com.android.support:support-v4:23.1.1] AndroidManifest.xml:20:5-43
MERGED from [com.google.android.gms:play-services-analytics:8.1.0] AndroidManifest.xml:18:5-42
MERGED from [com.google.android.gms:play-services-basement:8.1.0] AndroidManifest.xml:18:5-42
MERGED from [com.android.support:support-v4:23.1.1] AndroidManifest.xml:20:5-43
MERGED from [com.google.android.gms:play-services-ads:8.1.0] AndroidManifest.xml:23:5-42
MERGED from [com.google.android.gms:play-services-basement:8.1.0] AndroidManifest.xml:18:5-42
MERGED from [com.android.support:support-v4:23.1.1] AndroidManifest.xml:20:5-43
MERGED from [com.google.android.gms:play-services-appindexing:8.1.0] AndroidManifest.xml:18:5-42
MERGED from [com.google.android.gms:play-services-basement:8.1.0] AndroidManifest.xml:18:5-42
MERGED from [com.android.support:support-v4:23.1.1] AndroidManifest.xml:20:5-43
	android:targetSdkVersion
		ADDED from src\main\AndroidManifest.xml:9:9-38
		INJECTED from src\main\AndroidManifest.xml
		INJECTED from src\main\AndroidManifest.xml
	android:minSdkVersion
		ADDED from src\main\AndroidManifest.xml:8:9-35
		INJECTED from src\main\AndroidManifest.xml
		INJECTED from src\main\AndroidManifest.xml
uses-permission#android.permission.ACCESS_COARSE_LOCATION
ADDED from src\main\AndroidManifest.xml:15:5-81
	android:name
		ADDED from src\main\AndroidManifest.xml:15:22-78
uses-permission#android.permission.ACCESS_FINE_LOCATION
ADDED from src\main\AndroidManifest.xml:16:5-79
	android:name
		ADDED from src\main\AndroidManifest.xml:16:22-76
uses-permission#android.permission.READ_PHONE_STATE
ADDED from src\main\AndroidManifest.xml:17:5-75
	android:name
		ADDED from src\main\AndroidManifest.xml:17:22-72
uses-library#com.google.android.maps
ADDED from src\main\AndroidManifest.xml:19:5-60
	android:name
		ADDED from src\main\AndroidManifest.xml:19:19-57
permission#com.trafficpol.permission.C2D_MESSAGE
ADDED from src\main\AndroidManifest.xml:25:5-26:64
	android:protectionLevel
		ADDED from src\main\AndroidManifest.xml:25:17-52
	android:name
		ADDED from src\main\AndroidManifest.xml:26:9-61
uses-permission#com.trafficpol.permission.C2D_MESSAGE
ADDED from src\main\AndroidManifest.xml:27:5-77
	android:name
		ADDED from src\main\AndroidManifest.xml:27:22-74
uses-permission#android.permission.INTERNET
ADDED from src\main\AndroidManifest.xml:28:5-67
MERGED from [com.google.android.gms:play-services-ads:8.1.0] AndroidManifest.xml:20:5-66
MERGED from [com.google.android.gms:play-services-analytics:8.1.0] AndroidManifest.xml:21:5-67
MERGED from [com.google.android.gms:play-services-ads:8.1.0] AndroidManifest.xml:20:5-66
MERGED from [com.google.android.gms:play-services-appinvite:8.1.0] AndroidManifest.xml:19:5-67
MERGED from [com.google.android.gms:play-services-maps:8.1.0] AndroidManifest.xml:21:5-66
MERGED from [com.google.android.gms:play-services-gcm:8.1.0] AndroidManifest.xml:22:5-67
MERGED from [com.google.android.gms:play-services-maps:8.1.0] AndroidManifest.xml:21:5-66
MERGED from [com.google.android.gms:play-services-maps:8.1.0] AndroidManifest.xml:21:5-66
MERGED from [com.google.android.gms:play-services-measurement:8.1.0] AndroidManifest.xml:21:5-67
MERGED from [com.google.android.gms:play-services-analytics:8.1.0] AndroidManifest.xml:21:5-67
MERGED from [com.google.android.gms:play-services-ads:8.1.0] AndroidManifest.xml:20:5-66
MERGED from [com.google.android.gms:play-services-wallet:8.1.0] AndroidManifest.xml:20:5-66
MERGED from [com.google.android.gms:play-services-maps:8.1.0] AndroidManifest.xml:21:5-66
MERGED from [com.google.android.gms:play-services-measurement:8.1.0] AndroidManifest.xml:21:5-67
MERGED from [com.google.android.gms:play-services-analytics:8.1.0] AndroidManifest.xml:21:5-67
MERGED from [com.google.android.gms:play-services-ads:8.1.0] AndroidManifest.xml:20:5-66
	android:name
		ADDED from src\main\AndroidManifest.xml:28:22-64
uses-permission#android.permission.ACCESS_NETWORK_STATE
ADDED from src\main\AndroidManifest.xml:29:5-79
MERGED from [com.google.android.gms:play-services-ads:8.1.0] AndroidManifest.xml:21:5-78
MERGED from [com.google.android.gms:play-services-analytics:8.1.0] AndroidManifest.xml:22:5-79
MERGED from [com.google.android.gms:play-services-ads:8.1.0] AndroidManifest.xml:21:5-78
MERGED from [com.google.android.gms:play-services-maps:8.1.0] AndroidManifest.xml:20:5-78
MERGED from [com.google.android.gms:play-services-maps:8.1.0] AndroidManifest.xml:20:5-78
MERGED from [com.google.android.gms:play-services-maps:8.1.0] AndroidManifest.xml:20:5-78
MERGED from [com.google.android.gms:play-services-measurement:8.1.0] AndroidManifest.xml:22:5-79
MERGED from [com.google.android.gms:play-services-analytics:8.1.0] AndroidManifest.xml:22:5-79
MERGED from [com.google.android.gms:play-services-ads:8.1.0] AndroidManifest.xml:21:5-78
MERGED from [com.google.android.gms:play-services-nearby:8.1.0] AndroidManifest.xml:19:5-79
MERGED from [com.google.android.gms:play-services-maps:8.1.0] AndroidManifest.xml:20:5-78
MERGED from [com.google.android.gms:play-services-measurement:8.1.0] AndroidManifest.xml:22:5-79
MERGED from [com.google.android.gms:play-services-analytics:8.1.0] AndroidManifest.xml:22:5-79
MERGED from [com.google.android.gms:play-services-ads:8.1.0] AndroidManifest.xml:21:5-78
	android:name
		ADDED from src\main\AndroidManifest.xml:29:22-76
uses-feature#android.hardware.camera
ADDED from src\main\AndroidManifest.xml:32:5-60
	android:name
		ADDED from src\main\AndroidManifest.xml:32:19-57
uses-feature#android.hardware.camera.front
ADDED from src\main\AndroidManifest.xml:33:2-34:30
	android:required
		ADDED from src\main\AndroidManifest.xml:34:3-27
	android:name
		ADDED from src\main\AndroidManifest.xml:33:16-60
uses-feature#android.hardware.microphone
ADDED from src\main\AndroidManifest.xml:35:2-61
	android:name
		ADDED from src\main\AndroidManifest.xml:35:16-58
uses-permission#android.permission.CAMERA
ADDED from src\main\AndroidManifest.xml:37:2-62
	android:name
		ADDED from src\main\AndroidManifest.xml:37:19-59
uses-permission#android.permission.WRITE_EXTERNAL_STORAGE
ADDED from src\main\AndroidManifest.xml:38:2-78
MERGED from [com.google.android.gms:play-services-maps:8.1.0] AndroidManifest.xml:22:5-80
MERGED from [com.google.android.gms:play-services-maps:8.1.0] AndroidManifest.xml:22:5-80
MERGED from [com.google.android.gms:play-services-maps:8.1.0] AndroidManifest.xml:22:5-80
MERGED from [com.google.android.gms:play-services-maps:8.1.0] AndroidManifest.xml:22:5-80
	android:name
		ADDED from src\main\AndroidManifest.xml:38:19-75
uses-permission#android.permission.READ_EXTERNAL_STORAGE
ADDED from src\main\AndroidManifest.xml:39:5-80
	android:name
		ADDED from src\main\AndroidManifest.xml:39:22-77
uses-permission#android.permission.RECORD_AUDIO
ADDED from src\main\AndroidManifest.xml:40:2-68
	android:name
		ADDED from src\main\AndroidManifest.xml:40:19-65
application
ADDED from src\main\AndroidManifest.xml:43:5-149:19
MERGED from [com.android.support:cardview-v7:23.1.1] AndroidManifest.xml:22:5-20
MERGED from [com.android.support:support-v4:23.1.1] AndroidManifest.xml:22:5-20
MERGED from [com.android.support:palette-v7:23.1.1] AndroidManifest.xml:22:5-23:19
MERGED from [com.android.support:support-v4:23.1.1] AndroidManifest.xml:22:5-20
MERGED from [com.google.android.gms:play-services:8.1.0] AndroidManifest.xml:19:5-20
MERGED from [com.google.android.gms:play-services-ads:8.1.0] AndroidManifest.xml:24:5-32:19
MERGED from [com.google.android.gms:play-services-basement:8.1.0] AndroidManifest.xml:20:5-24:19
MERGED from [com.android.support:support-v4:23.1.1] AndroidManifest.xml:22:5-20
MERGED from [com.google.android.gms:play-services-appindexing:8.1.0] AndroidManifest.xml:19:5-20
MERGED from [com.google.android.gms:play-services-basement:8.1.0] AndroidManifest.xml:20:5-24:19
MERGED from [com.android.support:support-v4:23.1.1] AndroidManifest.xml:22:5-20
MERGED from [com.google.android.gms:play-services-analytics:8.1.0] AndroidManifest.xml:24:5-20
MERGED from [com.google.android.gms:play-services-basement:8.1.0] AndroidManifest.xml:20:5-24:19
MERGED from [com.android.support:support-v4:23.1.1] AndroidManifest.xml:22:5-20
MERGED from [com.google.android.gms:play-services-ads:8.1.0] AndroidManifest.xml:24:5-32:19
MERGED from [com.google.android.gms:play-services-basement:8.1.0] AndroidManifest.xml:20:5-24:19
MERGED from [com.android.support:support-v4:23.1.1] AndroidManifest.xml:22:5-20
MERGED from [com.google.android.gms:play-services-appindexing:8.1.0] AndroidManifest.xml:19:5-20
MERGED from [com.google.android.gms:play-services-basement:8.1.0] AndroidManifest.xml:20:5-24:19
MERGED from [com.android.support:support-v4:23.1.1] AndroidManifest.xml:22:5-20
MERGED from [com.google.android.gms:play-services-appindexing:8.1.0] AndroidManifest.xml:19:5-20
MERGED from [com.google.android.gms:play-services-basement:8.1.0] AndroidManifest.xml:20:5-24:19
MERGED from [com.android.support:support-v4:23.1.1] AndroidManifest.xml:22:5-20
MERGED from [com.google.android.gms:play-services-appinvite:8.1.0] AndroidManifest.xml:20:5-20
MERGED from [com.google.android.gms:play-services-basement:8.1.0] AndroidManifest.xml:20:5-24:19
MERGED from [com.android.support:support-v4:23.1.1] AndroidManifest.xml:22:5-20
MERGED from [com.google.android.gms:play-services-appstate:8.1.0] AndroidManifest.xml:19:5-20
MERGED from [com.google.android.gms:play-services-basement:8.1.0] AndroidManifest.xml:20:5-24:19
MERGED from [com.android.support:support-v4:23.1.1] AndroidManifest.xml:22:5-20
MERGED from [com.google.android.gms:play-services-basement:8.1.0] AndroidManifest.xml:20:5-24:19
MERGED from [com.android.support:support-v4:23.1.1] AndroidManifest.xml:22:5-20
MERGED from [com.google.android.gms:play-services-basement:8.1.0] AndroidManifest.xml:20:5-24:19
MERGED from [com.android.support:support-v4:23.1.1] AndroidManifest.xml:22:5-20
MERGED from [com.google.android.gms:play-services-cast:8.1.0] AndroidManifest.xml:19:5-20
MERGED from [com.google.android.gms:play-services-basement:8.1.0] AndroidManifest.xml:20:5-24:19
MERGED from [com.android.support:support-v4:23.1.1] AndroidManifest.xml:22:5-20
MERGED from [com.android.support:mediarouter-v7:22.2.0] AndroidManifest.xml:22:5-20
MERGED from [com.android.support:appcompat-v7:22.2.0] AndroidManifest.xml:22:5-20
MERGED from [com.android.support:support-v4:23.1.1] AndroidManifest.xml:22:5-20
MERGED from [com.google.android.gms:play-services-drive:8.1.0] AndroidManifest.xml:19:5-20
MERGED from [com.google.android.gms:play-services-basement:8.1.0] AndroidManifest.xml:20:5-24:19
MERGED from [com.android.support:support-v4:23.1.1] AndroidManifest.xml:22:5-20
MERGED from [com.google.android.gms:play-services-fitness:8.1.0] AndroidManifest.xml:19:5-20
MERGED from [com.google.android.gms:play-services-basement:8.1.0] AndroidManifest.xml:20:5-24:19
MERGED from [com.android.support:support-v4:23.1.1] AndroidManifest.xml:22:5-20
MERGED from [com.google.android.gms:play-services-location:8.1.0] AndroidManifest.xml:19:5-20
MERGED from [com.google.android.gms:play-services-basement:8.1.0] AndroidManifest.xml:20:5-24:19
MERGED from [com.android.support:support-v4:23.1.1] AndroidManifest.xml:22:5-20
MERGED from [com.google.android.gms:play-services-maps:8.1.0] AndroidManifest.xml:28:5-20
MERGED from [com.google.android.gms:play-services-basement:8.1.0] AndroidManifest.xml:20:5-24:19
MERGED from [com.android.support:support-v4:23.1.1] AndroidManifest.xml:22:5-20
MERGED from [com.google.android.gms:play-services-games:8.1.0] AndroidManifest.xml:19:5-20
MERGED from [com.google.android.gms:play-services-basement:8.1.0] AndroidManifest.xml:20:5-24:19
MERGED from [com.android.support:support-v4:23.1.1] AndroidManifest.xml:22:5-20
MERGED from [com.google.android.gms:play-services-drive:8.1.0] AndroidManifest.xml:19:5-20
MERGED from [com.google.android.gms:play-services-basement:8.1.0] AndroidManifest.xml:20:5-24:19
MERGED from [com.android.support:support-v4:23.1.1] AndroidManifest.xml:22:5-20
MERGED from [com.google.android.gms:play-services-gcm:8.1.0] AndroidManifest.xml:24:5-20
MERGED from [com.google.android.gms:play-services-basement:8.1.0] AndroidManifest.xml:20:5-24:19
MERGED from [com.android.support:support-v4:23.1.1] AndroidManifest.xml:22:5-20
MERGED from [com.google.android.gms:play-services-identity:8.1.0] AndroidManifest.xml:19:5-20
MERGED from [com.google.android.gms:play-services-basement:8.1.0] AndroidManifest.xml:20:5-24:19
MERGED from [com.android.support:support-v4:23.1.1] AndroidManifest.xml:22:5-20
MERGED from [com.google.android.gms:play-services-location:8.1.0] AndroidManifest.xml:19:5-20
MERGED from [com.google.android.gms:play-services-basement:8.1.0] AndroidManifest.xml:20:5-24:19
MERGED from [com.android.support:support-v4:23.1.1] AndroidManifest.xml:22:5-20
MERGED from [com.google.android.gms:play-services-maps:8.1.0] AndroidManifest.xml:28:5-20
MERGED from [com.google.android.gms:play-services-basement:8.1.0] AndroidManifest.xml:20:5-24:19
MERGED from [com.android.support:support-v4:23.1.1] AndroidManifest.xml:22:5-20
MERGED from [com.google.android.gms:play-services-maps:8.1.0] AndroidManifest.xml:28:5-20
MERGED from [com.google.android.gms:play-services-basement:8.1.0] AndroidManifest.xml:20:5-24:19
MERGED from [com.android.support:support-v4:23.1.1] AndroidManifest.xml:22:5-20
MERGED from [com.google.android.gms:play-services-measurement:8.1.0] AndroidManifest.xml:26:5-46:19
MERGED from [com.google.android.gms:play-services-basement:8.1.0] AndroidManifest.xml:20:5-24:19
MERGED from [com.android.support:support-v4:23.1.1] AndroidManifest.xml:22:5-20
MERGED from [com.google.android.gms:play-services-analytics:8.1.0] AndroidManifest.xml:24:5-20
MERGED from [com.google.android.gms:play-services-basement:8.1.0] AndroidManifest.xml:20:5-24:19
MERGED from [com.android.support:support-v4:23.1.1] AndroidManifest.xml:22:5-20
MERGED from [com.google.android.gms:play-services-ads:8.1.0] AndroidManifest.xml:24:5-32:19
MERGED from [com.google.android.gms:play-services-basement:8.1.0] AndroidManifest.xml:20:5-24:19
MERGED from [com.android.support:support-v4:23.1.1] AndroidManifest.xml:22:5-20
MERGED from [com.google.android.gms:play-services-appindexing:8.1.0] AndroidManifest.xml:19:5-20
MERGED from [com.google.android.gms:play-services-basement:8.1.0] AndroidManifest.xml:20:5-24:19
MERGED from [com.android.support:support-v4:23.1.1] AndroidManifest.xml:22:5-20
MERGED from [com.google.android.gms:play-services-nearby:8.1.0] AndroidManifest.xml:20:5-20
MERGED from [com.google.android.gms:play-services-basement:8.1.0] AndroidManifest.xml:20:5-24:19
MERGED from [com.android.support:support-v4:23.1.1] AndroidManifest.xml:22:5-20
MERGED from [com.google.android.gms:play-services-panorama:8.1.0] AndroidManifest.xml:19:5-20
MERGED from [com.google.android.gms:play-services-basement:8.1.0] AndroidManifest.xml:20:5-24:19
MERGED from [com.android.support:support-v4:23.1.1] AndroidManifest.xml:22:5-20
MERGED from [com.google.android.gms:play-services-plus:8.1.0] AndroidManifest.xml:19:5-20
MERGED from [com.google.android.gms:play-services-basement:8.1.0] AndroidManifest.xml:20:5-24:19
MERGED from [com.android.support:support-v4:23.1.1] AndroidManifest.xml:22:5-20
MERGED from [com.google.android.gms:play-services-safetynet:8.1.0] AndroidManifest.xml:19:5-20
MERGED from [com.google.android.gms:play-services-basement:8.1.0] AndroidManifest.xml:20:5-24:19
MERGED from [com.android.support:support-v4:23.1.1] AndroidManifest.xml:22:5-20
MERGED from [com.google.android.gms:play-services-vision:8.1.0] AndroidManifest.xml:5:5-20
MERGED from [com.google.android.gms:play-services-basement:8.1.0] AndroidManifest.xml:20:5-24:19
MERGED from [com.android.support:support-v4:23.1.1] AndroidManifest.xml:22:5-20
MERGED from [com.google.android.gms:play-services-basement:8.1.0] AndroidManifest.xml:20:5-24:19
MERGED from [com.android.support:support-v4:23.1.1] AndroidManifest.xml:22:5-20
MERGED from [com.google.android.gms:play-services-identity:8.1.0] AndroidManifest.xml:19:5-20
MERGED from [com.google.android.gms:play-services-basement:8.1.0] AndroidManifest.xml:20:5-24:19
MERGED from [com.android.support:support-v4:23.1.1] AndroidManifest.xml:22:5-20
MERGED from [com.google.android.gms:play-services-maps:8.1.0] AndroidManifest.xml:28:5-20
MERGED from [com.google.android.gms:play-services-basement:8.1.0] AndroidManifest.xml:20:5-24:19
MERGED from [com.android.support:support-v4:23.1.1] AndroidManifest.xml:22:5-20
MERGED from [com.google.android.gms:play-services-wearable:8.1.0] AndroidManifest.xml:19:5-20
MERGED from [com.google.android.gms:play-services-basement:8.1.0] AndroidManifest.xml:20:5-24:19
MERGED from [com.android.support:support-v4:23.1.1] AndroidManifest.xml:22:5-20
MERGED from [com.google.android.gms:play-services-measurement:8.1.0] AndroidManifest.xml:26:5-46:19